1|1|BEGIN|||
2|1|INSERT|students|1|1,Alice,90
3|1|COMMIT|||
4|2|BEGIN|||
5|2|INSERT|students|2|2,Bob,75
6|2|COMMIT|||
7|3|BEGIN|||
8|3|INSERT|students|3|3,Carol,88
9|3|COMMIT|||
10|4|BEGIN|||
11|4|INSERT|courses|1|1,DBMS
12|4|COMMIT|||
13|5|BEGIN|||
14|5|INSERT|courses|2|2,OS
15|5|COMMIT|||
16|6|BEGIN|||
17|7|BEGIN|||
18|8|BEGIN|||
19|9|BEGIN|||
20|10|BEGIN|||
21|11|BEGIN|||
22|11|DELETE|students|1|
23|11|COMMIT|||
24|12|BEGIN|||
25|13|BEGIN|||
26|13|INSERT|students|4|4,Dave,95
27|13|COMMIT|||
28|14|BEGIN|||
29|1|BEGIN|||
