execve("./file_io", ["./file_io"], 0x7ffc9f1bb110 /* 56 vars */) = 0
brk(NULL)                               = 0x598712925000
mmap(NULL, 8192, PROT_READ|PROT_WRITE, MAP_PRIVATE|MAP_ANONYMOUS, -1, 0) = 0x7e9b9f68a000
access("/etc/ld.so.preload", R_OK)      = -1 ENOENT (No such file or directory)
openat(AT_FDCWD, "/etc/ld.so.cache", O_RDONLY|O_CLOEXEC) = 3
fstat(3, {st_mode=S_IFREG|0644, st_size=77295, ...}) = 0
mmap(NULL, 77295, PROT_READ, MAP_PRIVATE, 3, 0) = 0x7e9b9f677000
close(3)                                = 0
openat(AT_FDCWD, "/lib/x86_64-linux-gnu/libstdc++.so.6", O_RDONLY|O_CLOEXEC) = 3
read(3, "\177ELF\2\1\1\3\0\0\0\0\0\0\0\0\3\0>\0\1\0\0\0\0\0\0\0\0\0\0\0"..., 832) = 832
fstat(3, {st_mode=S_IFREG|0644, st_size=2592224, ...}) = 0
mmap(NULL, 2609472, PROT_READ, MAP_PRIVATE|MAP_DENYWRITE, 3, 0) = 0x7e9b9f200000
mmap(0x7e9b9f29d000, 1343488, PROT_READ|PROT_EXEC, MAP_PRIVATE|MAP_FIXED|MAP_DENYWRITE, 3, 0x9d000) = 0x7e9b9f29d000
mmap(0x7e9b9f3e5000, 552960, PROT_READ, MAP_PRIVATE|MAP_FIXED|MAP_DENYWRITE, 3, 0x1e5000) = 0x7e9b9f3e5000
mmap(0x7e9b9f46c000, 57344, PROT_READ|PROT_WRITE, MAP_PRIVATE|MAP_FIXED|MAP_DENYWRITE, 3, 0x26b000) = 0x7e9b9f46c000
mmap(0x7e9b9f47a000, 12608, PROT_READ|PROT_WRITE, MAP_PRIVATE|MAP_FIXED|MAP_ANONYMOUS, -1, 0) = 0x7e9b9f47a000
close(3)                                = 0
openat(AT_FDCWD, "/lib/x86_64-linux-gnu/libgcc_s.so.1", O_RDONLY|O_CLOEXEC) = 3
read(3, "\177ELF\2\1\1\0\0\0\0\0\0\0\0\0\3\0>\0\1\0\0\0\0\0\0\0\0\0\0\0"..., 832) = 832
fstat(3, {st_mode=S_IFREG|0644, st_size=183024, ...}) = 0
mmap(NULL, 185256, PROT_READ, MAP_PRIVATE|MAP_DENYWRITE, 3, 0) = 0x7e9b9f649000
mmap(0x7e9b9f64d000, 147456, PROT_READ|PROT_EXEC, MAP_PRIVATE|MAP_FIXED|MAP_DENYWRITE, 3, 0x4000) = 0x7e9b9f64d000
mmap(0x7e9b9f671000, 16384, PROT_READ, MAP_PRIVATE|MAP_FIXED|MAP_DENYWRITE, 3, 0x28000) = 0x7e9b9f671000
mmap(0x7e9b9f675000, 8192, PROT_READ|PROT_WRITE, MAP_PRIVATE|MAP_FIXED|MAP_DENYWRITE, 3, 0x2b000) = 0x7e9b9f675000
close(3)                                = 0
openat(AT_FDCWD, "/lib/x86_64-linux-gnu/libc.so.6", O_RDONLY|O_CLOEXEC) = 3
read(3, "\177ELF\2\1\1\3\0\0\0\0\0\0\0\0\3\0>\0\1\0\0\0\220\243\2\0\0\0\0\0"..., 832) = 832
pread64(3, "\6\0\0\0\4\0\0\0@\0\0\0\0\0\0\0@\0\0\0\0\0\0\0@\0\0\0\0\0\0\0"..., 784, 64) = 784
fstat(3, {st_mode=S_IFREG|0755, st_size=2125328, ...}) = 0
pread64(3, "\6\0\0\0\4\0\0\0@\0\0\0\0\0\0\0@\0\0\0\0\0\0\0@\0\0\0\0\0\0\0"..., 784, 64) = 784
mmap(NULL, 2170256, PROT_READ, MAP_PRIVATE|MAP_DENYWRITE, 3, 0) = 0x7e9b9ee00000
mmap(0x7e9b9ee28000, 1605632, PROT_READ|PROT_EXEC, MAP_PRIVATE|MAP_FIXED|MAP_DENYWRITE, 3, 0x28000) = 0x7e9b9ee28000
mmap(0x7e9b9efb0000, 323584, PROT_READ, MAP_PRIVATE|MAP_FIXED|MAP_DENYWRITE, 3, 0x1b0000) = 0x7e9b9efb0000
mmap(0x7e9b9efff000, 24576, PROT_READ|PROT_WRITE, MAP_PRIVATE|MAP_FIXED|MAP_DENYWRITE, 3, 0x1fe000) = 0x7e9b9efff000
mmap(0x7e9b9f005000, 52624, PROT_READ|PROT_WRITE, MAP_PRIVATE|MAP_FIXED|MAP_ANONYMOUS, -1, 0) = 0x7e9b9f005000
close(3)                                = 0
openat(AT_FDCWD, "/lib/x86_64-linux-gnu/libm.so.6", O_RDONLY|O_CLOEXEC) = 3
read(3, "\177ELF\2\1\1\3\0\0\0\0\0\0\0\0\3\0>\0\1\0\0\0\0\0\0\0\0\0\0\0"..., 832) = 832
fstat(3, {st_mode=S_IFREG|0644, st_size=952616, ...}) = 0
mmap(NULL, 950296, PROT_READ, MAP_PRIVATE|MAP_DENYWRITE, 3, 0) = 0x7e9b9f560000
mmap(0x7e9b9f570000, 520192, PROT_READ|PROT_EXEC, MAP_PRIVATE|MAP_FIXED|MAP_DENYWRITE, 3, 0x10000) = 0x7e9b9f570000
mmap(0x7e9b9f5ef000, 360448, PROT_READ, MAP_PRIVATE|MAP_FIXED|MAP_DENYWRITE, 3, 0x8f000) = 0x7e9b9f5ef000
mmap(0x7e9b9f647000, 8192, PROT_READ|PROT_WRITE, MAP_PRIVATE|MAP_FIXED|MAP_DENYWRITE, 3, 0xe7000) = 0x7e9b9f647000
close(3)                                = 0
mmap(NULL, 8192, PROT_READ|PROT_WRITE, MAP_PRIVATE|MAP_ANONYMOUS, -1, 0) = 0x7e9b9f55e000
mmap(NULL, 12288, PROT_READ|PROT_WRITE, MAP_PRIVATE|MAP_ANONYMOUS, -1, 0) = 0x7e9b9f55b000
arch_prctl(ARCH_SET_FS, 0x7e9b9f55b740) = 0
set_tid_address(0x7e9b9f55ba10)         = 30558
set_robust_list(0x7e9b9f55ba20, 24)     = 0
rseq(0x7e9b9f55c060, 0x20, 0, 0x53053053) = 0
mprotect(0x7e9b9efff000, 16384, PROT_READ) = 0
mprotect(0x7e9b9f647000, 4096, PROT_READ) = 0
mprotect(0x7e9b9f675000, 4096, PROT_READ) = 0
mprotect(0x7e9b9f46c000, 45056, PROT_READ) = 0
mprotect(0x5986f9885000, 4096, PROT_READ) = 0
mprotect(0x7e9b9f6ca000, 8192, PROT_READ) = 0
prlimit64(0, RLIMIT_STACK, NULL, {rlim_cur=8192*1024, rlim_max=RLIM64_INFINITY}) = 0
munmap(0x7e9b9f677000, 77295)           = 0
futex(0x7e9b9f47a7bc, FUTEX_WAKE_PRIVATE, 2147483647) = 0
getrandom("\x03\x5d\xe0\x0d\x42\x6b\x9e\x67", 8, GRND_NONBLOCK) = 8
brk(NULL)                               = 0x598712925000
brk(0x598712946000)                     = 0x598712946000
openat(AT_FDCWD, "sample.txt", O_WRONLY|O_CREAT|O_TRUNC, 0666) = 3
write(3, "Advanced DBMS Lab 1\nUnderstandin"..., 49) = 49
close(3)                                = 0
openat(AT_FDCWD, "sample.txt", O_RDONLY) = 3
read(3, "Advanced DBMS Lab 1\nUnderstandin"..., 8191) = 49
fstat(1, {st_mode=S_IFCHR|0620, st_rdev=makedev(0x88, 0), ...}) = 0
write(1, "Advanced DBMS Lab 1\n", 20)   = 20
write(1, "Understanding Linux File I/O\n", 29) = 29
read(3, "", 8191)                       = 0
close(3)                                = 0
exit_group(0)                           = ?
+++ exited with 0 +++
