execve("./file_io", ["./file_io"], 0x7ffd40112230 /* 24 vars */) = 0
brk(NULL)                               = 0x55aa10294000
mmap(NULL, 8192, PROT_READ|PROT_WRITE, MAP_PRIVATE|MAP_ANONYMOUS, -1, 0) = 0x7f881042b000
access("/etc/ld.so.cache", F_OK)        = 0
openat(AT_FDCWD, "/etc/ld.so.cache", O_RDONLY|O_CLOEXEC) = 3
fstat(3, {st_mode=S_IFREG|0644, st_size=92114, ...}) = 0
mmap(NULL, 92114, PROT_READ, MAP_PRIVATE, 3, 0) = 0x7f8810414000
close(3)                                = 0
openat(AT_FDCWD, "/lib/x86_64-linux-gnu/libstdc++.so.6", O_RDONLY|O_CLOEXEC) = 3
read(3, "\177ELF\2\1\1\3\0\0\0\0\0\0\0\0\3\0>\0\1\0\0\0\0\0\0\0\0\0\0\0"..., 832) = 832
fstat(3, {st_mode=S_IFREG|0644, st_size=2252000, ...}) = 0
mmap(NULL, 2268928, PROT_READ, MAP_PRIVATE|MAP_DENYWRITE, 3, 0) = 0x7f88101e9000
mprotect(0x7f8810275000, 1630208, PROT_NONE) = 0
mmap(0x7f8810275000, 1171456, PROT_READ|PROT_EXEC, MAP_PRIVATE|MAP_FIXED|MAP_DENYWRITE, 3, 0x8c000) = 0x7f8810275000
mmap(0x7f8810393000, 454656, PROT_READ|PROT_WRITE, MAP_PRIVATE|MAP_FIXED|MAP_DENYWRITE, 3, 0x1aa000) = 0x7f8810393000
close(3)                                = 0
openat(AT_FDCWD, "/lib/x86_64-linux-gnu/libc.so.6", O_RDONLY|O_CLOEXEC) = 3
read(3, "\177ELF\2\1\1\3\0\0\0\0\0\0\0\0\3\0>\0\1\0\0\0\20\35\2\0\0\0\0\0"..., 832) = 832
fstat(3, {st_mode=S_IFREG|0755, st_size=2071608, ...}) = 0
mmap(NULL, 2080320, PROT_READ, MAP_PRIVATE|MAP_DENYWRITE, 3, 0) = 0x7f880ffeb000
mmap(0x7f8810010000, 1540096, PROT_READ|PROT_EXEC, MAP_PRIVATE|MAP_FIXED|MAP_DENYWRITE, 3, 0x25000) = 0x7f8810010000
mmap(0x7f8810188000, 319488, PROT_READ|PROT_WRITE, MAP_PRIVATE|MAP_FIXED|MAP_DENYWRITE, 3, 0x19d000) = 0x7f8810188000
close(3)                                = 0
mmap(NULL, 4096, PROT_READ|PROT_WRITE, MAP_PRIVATE|MAP_ANONYMOUS, -1, 0) = 0x7f8810413000
fstat(1, {st_mode=S_IFCHR|0620, st_rdev=makedev(0x88, 0), ...}) = 0

--- APPLICATION WRITE PHASE INTERCEPTION ---
openat(AT_FDCWD, "assignment-data.txt", O_WRONLY|O_CREAT|O_TRUNC, 0666) = 3
write(3, "Advanced DBMS Lab 1\nThis file wa"..., 178) = 178
fsync(3)                                = 0
close(3)                                = 0
write(1, "File written successfully: assign"..., 48) = 48
write(1, "\n", 1)                       = 1

--- APPLICATION READ PHASE INTERCEPTION ---
openat(AT_FDCWD, "assignment-data.txt", O_RDONLY) = 3
read(3, "Advanced DBMS Lab 1\nThis file wa"..., 2047) = 178
close(3)                                = 0
write(1, "Read back from file:\n\n", 22) = 22
write(1, "Advanced DBMS Lab 1\nThis file wa"..., 178) = 178
write(1, "\n", 1)                       = 1

exit_group(0)                           = ?
+++ exited with 0 +++